[02:31:15] [main/INFO]: Loading Minecraft 1.21.1 with Fabric Loader 0.16.3
[02:31:15] [main/WARN]: Warnings were found!
 - Mod 'Forge Config API Port' (forgeconfigapiport) 21.1.3 recommends any version of modmenu, which is missing!
	 - You should install any version of modmenu for the optimal experience.
[02:31:15] [main/INFO]: Loading 81 mods:
	- appleskin 3.0.6+mc1.21
	   \-- cloth-config 15.0.127
	        \-- cloth-basic-math 0.6.1
	- architectury 13.0.8
	- artifacts 12.0.6
	   |-- cardinal-components-base 6.1.0
	   |-- cardinal-components-entity 6.1.0
	   |-- com_electronwill_night-config_core 3.8.0
	   |-- com_electronwill_night-config_toml 3.8.0
	   \-- expandability 12.0.0
	- carryon 2.2.2
	- creeperoverhaul 4.0.6
	   \-- com_teamresourceful_resourceful-cosmetics-4j 1.0.3
	- deeperdarker 1.3.3
	   \-- customportalapi 0.0.1-beta66-1.21
	- easyanvils 21.1.0
	- easymagic 21.1.0
	- fabric-api 0.115.1+1.21.1
	   |-- fabric-api-base 0.4.42+6573ed8c19
	   |-- fabric-api-lookup-api-v1 1.6.70+b559734419
	   |-- fabric-biome-api-v1 13.0.31+d527f9fd19
	   |-- fabric-block-api-v1 1.0.22+0af3f5a719
	   |-- fabric-block-view-api-v2 1.0.10+6573ed8c19
	   |-- fabric-blockrenderlayer-v1 1.1.52+0af3f5a719
	   |-- fabric-client-tags-api-v1 1.1.15+6573ed8c19
	   |-- fabric-command-api-v1 1.2.49+f71b366f19
	   |-- fabric-command-api-v2 2.2.28+6ced4dd919
	   |-- fabric-commands-v0 0.2.66+df3654b319
	   |-- fabric-content-registries-v0 8.0.18+b559734419
	   |-- fabric-convention-tags-v1 2.1.3+7f945d5b19
	   |-- fabric-convention-tags-v2 2.10.0+9465b64419
	   |-- fabric-crash-report-info-v1 0.2.29+0af3f5a719
	   |-- fabric-data-attachment-api-v1 1.4.1+9ed317f519
	   |-- fabric-data-generation-api-v1 20.2.26+16c4ae2519
	   |-- fabric-dimensions-v1 4.0.0+6fc22b9919
	   |-- fabric-entity-events-v1 1.7.0+2122d82819
	   |-- fabric-events-interaction-v0 0.7.13+ba9dae0619
	   |-- fabric-game-rule-api-v1 1.0.53+6ced4dd919
	   |-- fabric-item-api-v1 11.1.1+d5debaed19
	   |-- fabric-item-group-api-v1 4.1.6+6823f7cd19
	   |-- fabric-key-binding-api-v1 1.0.47+0af3f5a719
	   |-- fabric-keybindings-v0 0.2.45+df3654b319
	   |-- fabric-lifecycle-events-v1 2.5.0+01d9a51c19
	   |-- fabric-loot-api-v2 3.0.15+3f89f5a519
	   |-- fabric-loot-api-v3 1.0.3+3f89f5a519
	   |-- fabric-message-api-v1 6.0.13+6573ed8c19
	   |-- fabric-model-loading-api-v1 2.0.0+fe474d6b19
	   |-- fabric-networking-api-v1 4.3.0+c7469b2119
	   |-- fabric-object-builder-api-v1 15.2.1+40875a9319
	   |-- fabric-particles-v1 4.0.2+6573ed8c19
	   |-- fabric-recipe-api-v1 5.0.14+248df81c19
	   |-- fabric-registry-sync-v0 5.2.0+34f5d91419
	   |-- fabric-renderer-api-v1 3.4.0+c705a49c19
	   |-- fabric-renderer-indigo 1.7.0+c705a49c19
	   |-- fabric-renderer-registries-v1 3.2.68+df3654b319
	   |-- fabric-rendering-data-attachment-v1 0.3.48+73761d2e19
	   |-- fabric-rendering-fluids-v1 3.1.6+1daea21519
	   |-- fabric-rendering-v0 1.1.71+df3654b319
	   |-- fabric-rendering-v1 5.0.5+df16efd019
	   |-- fabric-resource-conditions-api-v1 4.3.0+8dc279b119
	   |-- fabric-resource-loader-v0 1.3.1+5b5275af19
	   |-- fabric-screen-api-v1 2.0.25+8b68f1c719
	   |-- fabric-screen-handler-api-v1 1.3.88+b559734419
	   |-- fabric-sound-api-v1 1.0.23+6573ed8c19
	   |-- fabric-transfer-api-v1 5.4.2+c24bd99419
	   \-- fabric-transitive-access-wideners-v1 6.2.0+45b9699719
	- fabricloader 0.16.3
	   \-- mixinextras 0.4.1
	- forgeconfigapiport 21.1.3
	   |-- com_electronwill_night-config_core 3.8.0
	   \-- com_electronwill_night-config_toml 3.8.0
	- friendsandfoes 3.0.7
	- geckolib 4.7.3
	- incendium 5.4.3
	- jade 15.9.2+fabric
	- java 21
	- jei 19.21.0.247
	- minecraft 1.21.1
	- owo 0.12.15+1.21
	   |-- blue_endless_jankson 1.2.2
	   |-- io_wispforest_endec 0.1.5
	   |-- io_wispforest_endec_gson 0.1.3
	   |-- io_wispforest_endec_jankson 0.1.3
	   \-- io_wispforest_endec_netty 0.1.2
	- plushies 1.5.1
	- puzzleslib 21.1.27
	- resourcefulconfig 3.0.9
	- resourcefullib 3.0.11
	   |-- com_teamresourceful_bytecodecs 1.1.2
	   \-- com_teamresourceful_yabn 1.0.3
	- shulkerboxtooltip 5.1.3+1.21.1
	- travelersbackpack 10.1.15
	- trinkets 3.10.0
	   |-- cardinal-components-base 6.1.0
	   \-- cardinal-components-entity 6.1.0
	- xaerominimap 25.1.0
	- xaeroworldmap 1.39.2
[02:31:15] [main/INFO]: SpongePowered MIXIN Subsystem Version=0.8.7 Source=file:/workspaces/SM/servidor_minecraft/libraries/net/fabricmc/sponge-mixin/0.15.2+mixin.0.8.7/sponge-mixin-0.15.2+mixin.0.8.7.jar Service=Knot/Fabric Env=SERVER
[02:31:16] [main/INFO]: Compatibility level set to JAVA_21
[02:31:16] [main/WARN]: Reference map 'forgeconfigapiport.common.refmap.json' for forgeconfigapiport.common.mixins.json could not be read. If this is a development environment you can ignore this message
[02:31:17] [main/WARN]: Error loading class: net/minecraft/class_287 (java.lang.ClassNotFoundException: net/minecraft/class_287)
[02:31:17] [main/WARN]: @Mixin target net.minecraft.class_287 was not found owo.mixins.json:BufferBuilderAccessor from mod owo
[02:31:17] [main/WARN]: Error loading class: net/minecraft/class_437 (java.lang.ClassNotFoundException: net/minecraft/class_437)
[02:31:17] [main/WARN]: @Mixin target net.minecraft.class_437 was not found owo.mixins.json:ScreenAccessor from mod owo
[02:31:17] [main/WARN]: Error loading class: xyz/nucleoid/server/translations/impl/language/SystemDelegatedLanguage (java.lang.ClassNotFoundException: xyz/nucleoid/server/translations/impl/language/SystemDelegatedLanguage)
[02:31:17] [main/INFO]: Initializing MixinExtras via com.llamalad7.mixinextras.service.MixinExtrasServiceImpl(version=0.4.1).
[02:31:28] [main/INFO]: Registering C2S receiver with id artifacts:double_jump
[02:31:28] [main/INFO]: Registering C2S receiver with id artifacts:update_swimming
[02:31:28] [main/INFO]: Registering C2S receiver with id artifacts:toggle_artifacts
[02:31:28] [main/ERROR]: No data fixer registered for artifacts:mimic
[02:31:28] [main/ERROR]: No data fixer registered for jungle_creeper
[02:31:28] [main/ERROR]: No data fixer registered for bamboo_creeper
[02:31:28] [main/ERROR]: No data fixer registered for desert_creeper
[02:31:28] [main/ERROR]: No data fixer registered for badlands_creeper
[02:31:28] [main/ERROR]: No data fixer registered for hills_creeper
[02:31:28] [main/ERROR]: No data fixer registered for savannah_creeper
[02:31:28] [main/ERROR]: No data fixer registered for mushroom_creeper
[02:31:28] [main/ERROR]: No data fixer registered for swamp_creeper
[02:31:28] [main/ERROR]: No data fixer registered for dripstone_creeper
[02:31:28] [main/ERROR]: No data fixer registered for cave_creeper
[02:31:28] [main/ERROR]: No data fixer registered for dark_oak_creeper
[02:31:28] [main/ERROR]: No data fixer registered for spruce_creeper
[02:31:28] [main/ERROR]: No data fixer registered for beach_creeper
[02:31:28] [main/ERROR]: No data fixer registered for snowy_creeper
[02:31:28] [main/ERROR]: No data fixer registered for ocean_creeper
[02:31:28] [main/ERROR]: No data fixer registered for birch_creeper
[02:31:29] [main/ERROR]: No data fixer registered for deeperdarker:angler_fish
[02:31:29] [main/ERROR]: No data fixer registered for deeperdarker:sculk_centipede
[02:31:29] [main/ERROR]: No data fixer registered for deeperdarker:sculk_leech
[02:31:29] [main/ERROR]: No data fixer registered for deeperdarker:sculk_snapper
[02:31:29] [main/ERROR]: No data fixer registered for deeperdarker:shattered
[02:31:29] [main/ERROR]: No data fixer registered for deeperdarker:shriek_worm
[02:31:29] [main/ERROR]: No data fixer registered for deeperdarker:sludge
[02:31:29] [main/ERROR]: No data fixer registered for deeperdarker:stalker
[02:31:29] [main/ERROR]: No data fixer registered for crystallized_amber
[02:31:29] [main/ERROR]: No data fixer registered for sculk_jaw
[02:31:29] [main/INFO]: Constructing common components for easyanvils:main
[02:31:29] [main/INFO]: Dispatching loading event for config easyanvils-common.toml
[02:31:29] [main/INFO]: Constructing common components for easymagic:main
[02:31:29] [main/INFO]: Dispatching loading event for config easymagic-common.toml
[02:31:29] [main/INFO]: ExpandAbility here, who dis?
[02:31:30] [main/INFO]: assume less - mald more
[02:31:30] [main/INFO]: Constructing common components for puzzleslib:main
[02:31:30] [main/INFO]: [ShulkerBoxTooltip] Could not find configuration file, creating default file
[02:31:30] [main/ERROR]: No data fixer registered for 
[02:31:31] [main/INFO]: Registered the FluidEffect with Unique ID of minecraft:water for Water (Fluid Amount Required: 81000) with the ID 0
[02:31:31] [main/INFO]: Registered the FluidEffect with Unique ID of minecraft:lava for Lava (Fluid Amount Required: 81000) with the ID 1
[02:31:31] [main/INFO]: Registered the FluidEffect with Unique ID of travelersbackpack:potion for block.travelersbackpack.potion_still (Fluid Amount Required: 27000) with the ID 2
[02:31:31] [main/INFO]: Registered the FluidEffect with Unique ID of minecraft:milk for Air (Fluid Amount Required: 81000) with the ID 3
[02:31:31] [main/INFO]: Loading Xaero's Minimap - Stage 1/2 (Server)
[02:31:31] [main/INFO]: Loading Xaero's World Map - Stage 1/2 (Server)
[02:31:32] [main/INFO]: Environment: Environment[sessionHost=https://sessionserver.mojang.com, servicesHost=https://api.minecraftservices.com, name=PROD]
[02:31:32] [main/INFO]: Found new data pack artifacts, loading it automatically
[02:31:32] [main/INFO]: Found new data pack carryon, loading it automatically
[02:31:32] [main/INFO]: Found new data pack creeperoverhaul, loading it automatically
[02:31:32] [main/INFO]: Found new data pack deeperdarker, loading it automatically
[02:31:32] [main/INFO]: Found new data pack easyanvils, loading it automatically
[02:31:32] [main/INFO]: Found new data pack easymagic, loading it automatically
[02:31:32] [main/INFO]: Found new data pack fabric, loading it automatically
[02:31:32] [main/INFO]: Found new data pack fabric-convention-tags-v2, loading it automatically
[02:31:32] [main/INFO]: Found new data pack friendsandfoes, loading it automatically
[02:31:32] [main/INFO]: Found new data pack incendium, loading it automatically
[02:31:32] [main/INFO]: Found new data pack plushies, loading it automatically
[02:31:32] [main/INFO]: Found new data pack travelersbackpack, loading it automatically
[02:31:32] [main/INFO]: Found new data pack trinkets, loading it automatically
[02:31:34] [main/INFO]: Loaded 1764 recipes
[02:31:34] [main/INFO]: Loaded 1847 advancements
[02:31:35] [main/INFO]: Applied 249 biome modifications to 53 of 76 new biomes in 14.20 ms
[02:31:35] [Server thread/INFO]: Dispatching loading event for config easyanvils-server.toml
[02:31:35] [Server thread/INFO]: Dispatching loading event for config easymagic-server.toml
[02:31:35] [Server thread/INFO]: Starting minecraft server version 1.21.1
[02:31:35] [Server thread/INFO]: Loading properties
[02:31:35] [Server thread/INFO]: Default game type: SURVIVAL
[02:31:35] [Server thread/INFO]: Generating keypair
[02:31:35] [Server thread/INFO]: Starting Minecraft server on *:25565
[02:31:35] [Server thread/INFO]: Using epoll channel type
[02:31:35] [Server thread/WARN]: **** SERVER IS RUNNING IN OFFLINE/INSECURE MODE!
[02:31:35] [Server thread/WARN]: The server will make no attempt to authenticate usernames. Beware.
[02:31:35] [Server thread/WARN]: While this makes the game possible to play without internet access, it also opens up the ability for hackers to connect with any username they choose.
[02:31:35] [Server thread/WARN]: To change this, set "online-mode" to "true" in the server.properties file.
[02:31:35] [Server thread/INFO]: Preparing level "world"
[02:31:39] [Server thread/INFO]: Preparing start region for dimension minecraft:overworld
[02:31:39] [Worker-Main-1/INFO]: Preparing spawn area: 0%
[02:31:39] [Worker-Main-3/INFO]: Preparing spawn area: 36%
[02:31:39] [Server thread/INFO]: Time elapsed: 575 ms
[02:31:39] [Server thread/INFO]: Done (3.759s)! For help, type "help"
[02:31:39] [Server thread/INFO]: Start loading plugin from Jade: snownee.jade.addon.core.CorePlugin
[02:31:39] [Server thread/INFO]: Start loading plugin from Jade: snownee.jade.addon.vanilla.VanillaPlugin
[02:31:39] [Server thread/INFO]: Start loading plugin from Jade: snownee.jade.addon.universal.UniversalPlugin
[02:31:39] [Server thread/INFO]: Start loading plugin from Jade: snownee.jade.addon.access.AccessibilityPlugin
[02:31:39] [Server thread/INFO]: Start loading plugin from Jade: snownee.jade.addon.debug.DebugPlugin
[02:31:39] [Server thread/INFO]: Loading Xaero's Minimap - Stage 2/2 (Server)
[02:31:39] [Server thread/INFO]: Loading Xaero's World Map - Stage 2/2 (Server)
[02:33:49] [Server thread/INFO]: luisb250[/127.106.240.240:57999] logged in with entity id 71 at (-49.077075880518215, 64.79256265734654, -4.539449318852511)
[02:33:49] [Server thread/INFO]: Loading config from file...
[02:33:50] [Server thread/INFO]: luisb250 joined the game
[02:33:50] [Server thread/INFO]: [ShulkerBoxTooltip] luisb250: protocol version: 2.0
[02:33:50] [Server thread/INFO]: [ShulkerBoxTooltip Plugins] Loading 1 plugin: shulkerboxtooltip
[02:33:50] [Server thread/INFO]: [ShulkerBoxTooltip Plugins] Registered 31 providers for mod shulkerboxtooltip
[02:35:03] [Server thread/INFO]: Elpucarlino[/127.25.77.19:36897] logged in with entity id 739 at (-46.622480686668965, 63.0, -2.1835610026025387)
[02:35:03] [Server thread/INFO]: Loading config from file...
[02:35:03] [Server thread/INFO]: Elpucarlino joined the game
[02:35:12] [Server thread/INFO]: [ShulkerBoxTooltip] Elpucarlino: protocol version: 2.0
[02:36:19] [Server thread/INFO]: Elpucarlino has made the advancement [Monster Hunter]
[02:36:20] [Server thread/INFO]: Elpucarlino has made the advancement [Amateur Archaeologist]
[02:36:34] [Server thread/INFO]: luisb250 has made the advancement [Amateur Archaeologist]
[02:38:03] [Server thread/INFO]: Elpucarlino has made the advancement [Ice Bucket Challenge]
[02:39:17] [Server thread/INFO]: luisb250 has made the advancement [Best Friends Forever]
[02:40:26] [Server thread/INFO]: luisb250 has made the advancement [Incendium]
[02:40:26] [Server thread/INFO]: luisb250 has made the advancement [We Need to Go Deeper]
[02:40:33] [Server thread/WARN]: Can't keep up! Is the server overloaded? Running 15866ms or 317 ticks behind
[02:40:33] [Server thread/INFO]: Elpucarlino has made the advancement [Incendium]
[02:40:33] [Server thread/INFO]: Elpucarlino has made the advancement [We Need to Go Deeper]
[02:41:12] [Server thread/INFO]: luisb250 has made the advancement [Strange Biomes]
[02:41:13] [Server thread/INFO]: Elpucarlino has made the advancement [Strange Biomes]
[02:44:58] [Server thread/INFO]: luisb250 has made the advancement [Monster Hunter]
[02:44:58] [Server thread/INFO]: luisb250 has reached the goal [Apparitions]
[02:44:58] [Server thread/INFO]: Named entity class_1634['Restless Spirit'/4978, l='ServerLevel[world]', x=-403.11, y=123.04, z=-45.35] died: Restless Spirit was slain by luisb250
[02:45:44] [Server thread/INFO]: Elpucarlino has made the advancement [Those Were the Days]
[02:45:45] [Server thread/INFO]: luisb250 has made the advancement [Those Were the Days]
[02:47:06] [Server thread/INFO]: Locating element incendium:ruined_lab took 169 ms
[02:47:17] [Server thread/INFO]: [Not Secure] <Elpucarlino> tp @s 48 ~ -1184
[02:48:05] [Server thread/INFO]: [luisb250: Teleported luisb250 to 48.500000, 91.152464, -1183.500000]
[02:48:08] [Server thread/INFO]: [Elpucarlino: Teleported Elpucarlino to 48.500000, 86.875000, -1183.500000]
[02:48:08] [Server thread/WARN]: Can't keep up! Is the server overloaded? Running 2134ms or 42 ticks behind
[02:48:08] [Server thread/INFO]: Elpucarlino has made the advancement [Ancient Battlefield]
[02:48:08] [Server thread/INFO]: luisb250 has made the advancement [Ancient Battlefield]
[02:48:27] [Server thread/INFO]: Elpucarlino has made the advancement [A Terrible Fortress]
[02:49:29] [Server thread/INFO]: Locating element incendium:forbidden_castle took 1681 ms
[02:49:29] [Server thread/INFO]: Locating element incendium:forbidden_castle took 0 ms
[02:49:35] [Server thread/INFO]: [Elpucarlino: Teleported Elpucarlino to 560.500000, 73.000000, -1311.500000]
[02:49:38] [Worker-Main-5/ERROR]: Block-attached entity at invalid position: class_2338{x=-218, y=10, z=-283}
[02:49:38] [Server thread/INFO]: [luisb250: Teleported luisb250 to 560.500000, 75.117661, -1311.500000]
[02:49:38] [Server thread/WARN]: Elpucarlino moved too quickly! 0.0,-10.806526110008996,0.0
[02:49:38] [Server thread/WARN]: Can't keep up! Is the server overloaded? Running 3664ms or 73 ticks behind
[02:49:39] [Server thread/INFO]: Elpucarlino has made the advancement [The Dust Settles]
[02:49:39] [Server thread/INFO]: Elpucarlino has reached the goal [In the Hall of the Piglin King]
[02:49:39] [Server thread/INFO]: luisb250 has made the advancement [The Dust Settles]
[02:49:39] [Server thread/INFO]: luisb250 has reached the goal [In the Hall of the Piglin King]
[02:49:42] [Worker-Main-4/ERROR]: Block-attached entity at invalid position: class_2338{x=-218, y=10, z=-283}
[02:50:04] [Server thread/INFO]: Elpucarlino has made the advancement [Radioactive]
[02:50:05] [Server thread/INFO]: luisb250 has made the advancement [Radioactive]
[02:51:12] [Server thread/INFO]: [Elpucarlino: Set own game mode to Survival Mode]
[02:51:12] [Server thread/INFO]: [luisb250: Set own game mode to Survival Mode]
[02:51:18] [Server thread/INFO]: Elpucarlino fell from a high place
[02:51:19] [Server thread/INFO]: Named entity class_5419['Piglin Paratrooper'/8245, l='ServerLevel[world]', x=558.30, y=30.00, z=-1365.41] died: Piglin Paratrooper was doomed to fall
[02:51:22] [Server thread/INFO]: luisb250 was doomed to fall by Piglin Paratrooper
[02:52:21] [Server thread/INFO]: [Elpucarlino: Set own game mode to Creative Mode]
[02:52:27] [Server thread/INFO]: [luisb250: Set own game mode to Creative Mode]
[02:53:00] [Server thread/INFO]: Locating element minecraft:ancient_city took 251 ms
[02:53:01] [Server thread/INFO]: Locating element minecraft:ancient_city took 3 ms
[02:53:03] [Server thread/INFO]: [Elpucarlino: Teleported Elpucarlino to -2543.500000, 65.000000, 1536.500000]
[02:53:05] [Worker-Main-4/ERROR]: Block-attached entity at invalid position: class_2338{x=-99, y=-50, z=-80}
[02:53:05] [Worker-Main-4/ERROR]: Block-attached entity at invalid position: class_2338{x=-99, y=-50, z=-77}
[02:53:06] [Server thread/INFO]: [luisb250: Teleported luisb250 to -2543.500000, 70.907616, 1536.500000]
[02:53:06] [Server thread/WARN]: Can't keep up! Is the server overloaded? Running 2786ms or 55 ticks behind
[02:53:42] [Server thread/INFO]: Elpucarlino has reached the goal [A Metropolis of Restless Souls]
[02:53:51] [Server thread/INFO]: luisb250 has reached the goal [A Metropolis of Restless Souls]
[02:54:11] [Server thread/INFO]: Elpucarlino has reached the goal [Below the Bedrock]
[02:54:11] [Server thread/WARN]: Can't keep up! Is the server overloaded? Running 2219ms or 44 ticks behind
[02:54:11] [Server thread/INFO]: luisb250 has reached the goal [Below the Bedrock]
[02:54:28] [Worker-Main-2/WARN]: Empty height range: [0 above bottom--8 absolute]
[02:55:45] [Server thread/INFO]: Elpucarlino has made the advancement [Sneak 100]
[03:00:38] [Server thread/INFO]: Elpucarlino has completed the challenge [Phantom Thief]
[03:00:38] [Server thread/INFO]: Elpucarlino has completed the challenge [It Spreads]
[03:01:14] [Server thread/INFO]: luisb250 has made the advancement [Sneak 100]
[03:04:52] [Server thread/INFO]: [Elpucarlino: Set own game mode to Survival Mode]
[03:04:55] [Server thread/INFO]: [luisb250: Set own game mode to Survival Mode]
[03:05:43] [Server thread/INFO]: [Elpucarlino: Set own game mode to Creative Mode]
[03:07:09] [Server thread/INFO]: [luisb250: Set own game mode to Creative Mode]
[03:10:43] [Server thread/INFO]: Elpucarlino has made the advancement [Cover Me with Diamonds]
[03:11:57] [Server thread/INFO]: Elpucarlino has made the advancement [Crafting a New Look]
[03:16:01] [Server thread/INFO]: Elpucarlino lost connection: Disconnected
[03:16:01] [Server thread/INFO]: Elpucarlino left the game
[03:18:19] [Server thread/INFO]: Elpucarlino[/127.25.77.19:52849] logged in with entity id 15011 at (-2484.9238896888305, 74.0, 1595.401305770468)
[03:18:19] [Server thread/INFO]: Loading config from file...
[03:18:19] [Server thread/INFO]: Elpucarlino joined the game
[03:18:28] [Server thread/INFO]: [ShulkerBoxTooltip] Elpucarlino: protocol version: 2.0
[03:19:14] [Server thread/INFO]: [Elpucarlino: Set own game mode to Survival Mode]
[03:20:22] [Server thread/INFO]: [Elpucarlino: Set own game mode to Creative Mode]
